12:05:04 PM: ERROR [menu_app_usuario.py:33] Ocurrio un error: invalid literal for int() with base 10: 'as'
12:07:58 PM: DEBUG [cursor_del_pool.py:12] Inicio del metodo with __enter__
12:07:58 PM: DEBUG [conexion.py:27] Creación del pool exitosa: <psycopg2.pool.SimpleConnectionPool object at 0x00000219D6B166D0>
12:07:58 PM: DEBUG [conexion.py:38] Conexión obtenida del pool con exito: <connection object at 0x00000219D6B1F9A0; dsn: 'user=postgres password=xxx dbname=proyecto_db host=localhost port=5432', closed: 0>
12:07:58 PM: DEBUG [cursor_del_pool.py:18] Se ejecuta metodo __exit__
12:07:58 PM: DEBUG [cursor_del_pool.py:24] Commit de la transacion
12:07:58 PM: DEBUG [conexion.py:44] Regresamos la conexión al pool: <connection object at 0x00000219D6B1F9A0; dsn: 'user=postgres password=xxx dbname=proyecto_db host=localhost port=5432', closed: 0>
12:07:58 PM: DEBUG [menu_app_usuario.py:27] 
                Id usuario: 2
                Username: Fany
                Password: brabus.01
            
12:09:33 PM: DEBUG [cursor_del_pool.py:12] Inicio del metodo with __enter__
12:09:33 PM: DEBUG [conexion.py:27] Creación del pool exitosa: <psycopg2.pool.SimpleConnectionPool object at 0x0000020DC8C36690>
12:09:33 PM: DEBUG [conexion.py:38] Conexión obtenida del pool con exito: <connection object at 0x0000020DC8C3F9A0; dsn: 'user=postgres password=xxx dbname=proyecto_db host=localhost port=5432', closed: 0>
12:09:33 PM: DEBUG [cursor_del_pool.py:18] Se ejecuta metodo __exit__
12:09:33 PM: DEBUG [cursor_del_pool.py:24] Commit de la transacion
12:09:33 PM: DEBUG [conexion.py:44] Regresamos la conexión al pool: <connection object at 0x0000020DC8C3F9A0; dsn: 'user=postgres password=xxx dbname=proyecto_db host=localhost port=5432', closed: 0>
12:16:49 PM: INFO [menu_app_usuario.py:39] Salimos de la aplicación
12:29:28 PM: ERROR [menu_app_usuario.py:47] Ocurrio un error: UsuarioDao() takes no arguments
12:29:59 PM: INFO [menu_app_usuario.py:34] 1
12:36:21 PM: INFO [menu_app_usuario.py:42] 1
12:38:38 PM: INFO [menu_app_usuario.py:50] Salimos de la aplicación
12:38:52 PM: INFO [menu_app_usuario.py:48] 1
12:40:33 PM: INFO [menu_app_usuario.py:54] Salimos de la aplicación
